INFO - 2024-05-31 17:01:47 --> Session: Class initialized using 'CodeIgniter\Session\Handlers\FileHandler' driver.
CRITICAL - 2024-05-31 17:01:47 --> Call to undefined function set_value()
in APPPATH\Views\backend\pages\auth\login.php on line 31.
 1 SYSTEMPATH\View\View.php(224): include()
 2 SYSTEMPATH\View\View.php(227): CodeIgniter\View\View->CodeIgniter\View\{closure}()
 3 SYSTEMPATH\Common.php(1180): CodeIgniter\View\View->render('backend/pages/auth/login', [], true)
 4 APPPATH\Controllers\AuthController.php(17): view('backend/pages/auth/login', [...])
 5 SYSTEMPATH\CodeIgniter.php(932): App\Controllers\AuthController->loginForm()
 6 SYSTEMPATH\CodeIgniter.php(497): CodeIgniter\CodeIgniter->runController(Object(App\Controllers\AuthController))
 7 SYSTEMPATH\CodeIgniter.php(366): CodeIgniter\CodeIgniter->handleRequest(null, Object(Config\Cache), false)
 8 FCPATH\index.php(67): CodeIgniter\CodeIgniter->run()
INFO - 2024-05-31 17:05:35 --> Session: Class initialized using 'CodeIgniter\Session\Handlers\FileHandler' driver.
CRITICAL - 2024-05-31 17:05:35 --> Call to undefined function set_value()
in APPPATH\Views\backend\pages\auth\login.php on line 31.
 1 SYSTEMPATH\View\View.php(224): include()
 2 SYSTEMPATH\View\View.php(227): CodeIgniter\View\View->CodeIgniter\View\{closure}()
 3 SYSTEMPATH\Common.php(1180): CodeIgniter\View\View->render('backend/pages/auth/login', [], true)
 4 APPPATH\Controllers\AuthController.php(17): view('backend/pages/auth/login', [...])
 5 SYSTEMPATH\CodeIgniter.php(932): App\Controllers\AuthController->loginForm()
 6 SYSTEMPATH\CodeIgniter.php(497): CodeIgniter\CodeIgniter->runController(Object(App\Controllers\AuthController))
 7 SYSTEMPATH\CodeIgniter.php(366): CodeIgniter\CodeIgniter->handleRequest(null, Object(Config\Cache), false)
 8 FCPATH\index.php(67): CodeIgniter\CodeIgniter->run()
INFO - 2024-05-31 17:08:56 --> Session: Class initialized using 'CodeIgniter\Session\Handlers\FileHandler' driver.
CRITICAL - 2024-05-31 17:08:56 --> Call to undefined function set_value()
in APPPATH\Views\backend\pages\auth\login.php on line 31.
 1 SYSTEMPATH\View\View.php(224): include()
 2 SYSTEMPATH\View\View.php(227): CodeIgniter\View\View->CodeIgniter\View\{closure}()
 3 SYSTEMPATH\Common.php(1180): CodeIgniter\View\View->render('backend/pages/auth/login', [], true)
 4 APPPATH\Controllers\AuthController.php(17): view('backend/pages/auth/login', [...])
 5 SYSTEMPATH\CodeIgniter.php(932): App\Controllers\AuthController->loginForm()
 6 SYSTEMPATH\CodeIgniter.php(497): CodeIgniter\CodeIgniter->runController(Object(App\Controllers\AuthController))
 7 SYSTEMPATH\CodeIgniter.php(366): CodeIgniter\CodeIgniter->handleRequest(null, Object(Config\Cache), false)
 8 FCPATH\index.php(67): CodeIgniter\CodeIgniter->run()
INFO - 2024-05-31 17:11:18 --> Session: Class initialized using 'CodeIgniter\Session\Handlers\FileHandler' driver.
CRITICAL - 2024-05-31 17:11:18 --> Call to undefined function set_value()
in APPPATH\Views\backend\pages\auth\login.php on line 31.
 1 SYSTEMPATH\View\View.php(224): include()
 2 SYSTEMPATH\View\View.php(227): CodeIgniter\View\View->CodeIgniter\View\{closure}()
 3 SYSTEMPATH\Common.php(1180): CodeIgniter\View\View->render('backend/pages/auth/login', [], true)
 4 APPPATH\Controllers\AuthController.php(17): view('backend/pages/auth/login', [...])
 5 SYSTEMPATH\CodeIgniter.php(932): App\Controllers\AuthController->loginForm()
 6 SYSTEMPATH\CodeIgniter.php(497): CodeIgniter\CodeIgniter->runController(Object(App\Controllers\AuthController))
 7 SYSTEMPATH\CodeIgniter.php(366): CodeIgniter\CodeIgniter->handleRequest(null, Object(Config\Cache), false)
 8 FCPATH\index.php(67): CodeIgniter\CodeIgniter->run()
INFO - 2024-05-31 23:31:36 --> Session: Class initialized using 'CodeIgniter\Session\Handlers\FileHandler' driver.
CRITICAL - 2024-05-31 23:31:36 --> Call to undefined function set_value()
in APPPATH\Views\backend\pages\auth\login.php on line 31.
 1 SYSTEMPATH\View\View.php(224): include()
 2 SYSTEMPATH\View\View.php(227): CodeIgniter\View\View->CodeIgniter\View\{closure}()
 3 SYSTEMPATH\Common.php(1180): CodeIgniter\View\View->render('backend/pages/auth/login', [], true)
 4 APPPATH\Controllers\AuthController.php(17): view('backend/pages/auth/login', [...])
 5 SYSTEMPATH\CodeIgniter.php(932): App\Controllers\AuthController->loginForm()
 6 SYSTEMPATH\CodeIgniter.php(497): CodeIgniter\CodeIgniter->runController(Object(App\Controllers\AuthController))
 7 SYSTEMPATH\CodeIgniter.php(366): CodeIgniter\CodeIgniter->handleRequest(null, Object(Config\Cache), false)
 8 FCPATH\index.php(67): CodeIgniter\CodeIgniter->run()
INFO - 2024-05-31 23:31:40 --> Session: Class initialized using 'CodeIgniter\Session\Handlers\FileHandler' driver.
CRITICAL - 2024-05-31 23:31:40 --> Call to undefined function set_value()
in APPPATH\Views\backend\pages\auth\login.php on line 31.
 1 SYSTEMPATH\View\View.php(224): include()
 2 SYSTEMPATH\View\View.php(227): CodeIgniter\View\View->CodeIgniter\View\{closure}()
 3 SYSTEMPATH\Common.php(1180): CodeIgniter\View\View->render('backend/pages/auth/login', [], true)
 4 APPPATH\Controllers\AuthController.php(17): view('backend/pages/auth/login', [...])
 5 SYSTEMPATH\CodeIgniter.php(932): App\Controllers\AuthController->loginForm()
 6 SYSTEMPATH\CodeIgniter.php(497): CodeIgniter\CodeIgniter->runController(Object(App\Controllers\AuthController))
 7 SYSTEMPATH\CodeIgniter.php(366): CodeIgniter\CodeIgniter->handleRequest(null, Object(Config\Cache), false)
 8 FCPATH\index.php(67): CodeIgniter\CodeIgniter->run()
